<?xml version="1.0" encoding="UTF-8"?>
<!-- Generated by org.testng.reporters.JUnitReportReporter -->
<testsuite hostname="DESKTOP-8AABIJB" failures="0" tests="1" name="BatchExecution.Harley" time="82.872" errors="0" timestamp="2023-12-13T17:56:54 IST" skipped="0">
  <testcase classname="BatchExecution.Harley" name="harley" time="82.872"/>
  <system-out/>
</testsuite> <!-- BatchExecution.Harley -->
