<?xml version="1.0" encoding="UTF-8"?>
<!-- Generated by org.testng.reporters.JUnitReportReporter -->
<testsuite hostname="DESKTOP-8AABIJB" failures="0" tests="1" name="BatchExecution.Hayabusa" time="69.828" errors="0" timestamp="2023-12-13T17:56:54 IST" skipped="0">
  <testcase classname="BatchExecution.Hayabusa" name="hayabusa" time="69.828"/>
  <system-out/>
</testsuite> <!-- BatchExecution.Hayabusa -->
