<?xml version="1.0" encoding="UTF-8"?>
<!-- Generated by org.testng.reporters.JUnitReportReporter -->
<testsuite hostname="DESKTOP-8AABIJB" failures="0" tests="3" name="DataProvider.TC_DWS_REGISTER_001" time="46.073" errors="0" timestamp="2023-12-19T10:55:33 IST" skipped="0">
  <testcase classname="DataProvider.TC_DWS_REGISTER_001" name="testingUserNameTextField" time="12.638"/>
  <system-out/>
  <testcase classname="DataProvider.TC_DWS_REGISTER_001" name="testingUserNameTextField" time="11.587"/>
  <system-out/>
  <testcase classname="DataProvider.TC_DWS_REGISTER_001" name="testingUserNameTextField" time="21.848"/>
  <system-out/>
</testsuite> <!-- DataProvider.TC_DWS_REGISTER_001 -->
