<?xml version="1.0" encoding="UTF-8"?>
<!-- Generated by org.testng.reporters.JUnitReportReporter -->
<testsuite hostname="DESKTOP-8AABIJB" failures="0" tests="1" name="CrossBrowserTesting.ToPerformScrollInNaukri" time="24.087" errors="0" timestamp="2023-12-14T17:48:47 IST" skipped="0">
  <testcase classname="CrossBrowserTesting.ToPerformScrollInNaukri" name="scroll" time="24.087"/>
  <system-out/>
</testsuite> <!-- CrossBrowserTesting.ToPerformScrollInNaukri -->
