<?xml version="1.0" encoding="UTF-8"?>
<!-- Generated by org.testng.reporters.JUnitReportReporter -->
<testsuite hostname="DESKTOP-8AABIJB" failures="0" tests="5" name="DataProvider.TC_DWS_LOGIN_001" time="191.996" errors="0" timestamp="2023-12-18T18:05:05 IST" skipped="0">
  <testcase classname="DataProvider.TC_DWS_LOGIN_001" name="testingUserNameTextField" time="23.583"/>
  <system-out/>
  <testcase classname="DataProvider.TC_DWS_LOGIN_001" name="testingUserNameTextField" time="12.861"/>
  <system-out/>
  <testcase classname="DataProvider.TC_DWS_LOGIN_001" name="testingUserNameTextField" time="18.922"/>
  <system-out/>
  <testcase classname="DataProvider.TC_DWS_LOGIN_001" name="testingUserNameTextField" time="115.157"/>
  <system-out/>
  <testcase classname="DataProvider.TC_DWS_LOGIN_001" name="testingUserNameTextField" time="21.473"/>
  <system-out/>
</testsuite> <!-- DataProvider.TC_DWS_LOGIN_001 -->
