<?xml version="1.0" encoding="UTF-8"?>
<!-- Generated by org.testng.reporters.JUnitReportReporter -->
<testsuite hostname="DESKTOP-8AABIJB" failures="0" tests="1" name="configAnnotationsExecution.Hayabusa" time="53.734" errors="0" timestamp="2023-12-15T17:31:49 IST" skipped="0">
  <testcase classname="configAnnotationsExecution.Hayabusa" name="hayabusa" time="53.734"/>
  <system-out/>
</testsuite> <!-- configAnnotationsExecution.Hayabusa -->
