<?xml version="1.0" encoding="UTF-8"?>
<!-- Generated by org.testng.reporters.JUnitReportReporter -->
<testsuite hostname="DESKTOP-8AABIJB" failures="0" tests="1" name="configAnnotationsExecution.Harley" time="6.509" errors="0" timestamp="2023-12-15T17:31:50 IST" skipped="0">
  <testcase classname="configAnnotationsExecution.Harley" name="harley" time="6.509"/>
  <system-out/>
</testsuite> <!-- configAnnotationsExecution.Harley -->
