<?xml version="1.0" encoding="UTF-8"?>
<!-- Generated by org.testng.reporters.JUnitReportReporter -->
<testsuite hostname="DESKTOP-8AABIJB" failures="0" tests="1" name="Scripts.Test001" time="22.817" errors="0" timestamp="2023-12-24T19:27:34 IST" skipped="0">
  <testcase classname="Scripts.Test001" name="test" time="22.817"/>
  <system-out>
test1  </system-out>
</testsuite> <!-- Scripts.Test001 -->
