<?xml version="1.0" encoding="UTF-8"?>
<!-- Generated by org.testng.reporters.JUnitReportReporter -->
<testsuite hostname="DESKTOP-8AABIJB" failures="0" tests="1" name="Scripts.DWS_TC_004" time="18.659" errors="0" timestamp="2023-12-25T18:37:01 IST" skipped="0">
  <testcase classname="Scripts.DWS_TC_004" name="placingOrder" time="18.659"/>
  <system-out/>
</testsuite> <!-- Scripts.DWS_TC_004 -->
