<?xml version="1.0" encoding="UTF-8"?>
<!-- Generated by org.testng.reporters.JUnitReportReporter -->
<testsuite hostname="DESKTOP-8AABIJB" failures="0" tests="5" name="LearningTestNG.TestNGTest" time="138.297" errors="0" timestamp="2023-12-13T13:01:47 IST" skipped="1">
  <testcase classname="LearningTestNG.TestNGTest" name="hayabusa" time="47.708"/>
  <system-out/>
  <testcase classname="LearningTestNG.TestNGTest" name="bmw" time="14.172"/>
  <system-out/>
  <testcase classname="LearningTestNG.TestNGTest" name="hayabusa" time="29.238"/>
  <system-out/>
  <testcase classname="LearningTestNG.TestNGTest" name="hayabusa" time="47.179"/>
  <system-out/>
  <testcase classname="LearningTestNG.TestNGTest" name="harley">
    <skipped/>
  </testcase> <!-- harley -->
  <system-out/>
</testsuite> <!-- LearningTestNG.TestNGTest -->
