<?xml version="1.0" encoding="UTF-8"?>
<!-- Generated by org.testng.reporters.JUnitReportReporter -->
<testsuite hostname="DESKTOP-8AABIJB" failures="0" tests="1" name="Scripts.DWS_TC_005" time="20.623" errors="0" timestamp="2023-12-26T12:20:52 IST" skipped="0">
  <testcase classname="Scripts.DWS_TC_005" name="productToCartSection" time="20.623"/>
  <system-out>
Smartphone is found  </system-out>
</testsuite> <!-- Scripts.DWS_TC_005 -->
