<?xml version="1.0" encoding="UTF-8"?>
<!-- Generated by org.testng.reporters.JUnitReportReporter -->
<testsuite hostname="DESKTOP-8AABIJB" failures="0" tests="1" name="DWS_TestScripts.Login" time="106.338" errors="0" timestamp="2023-12-19T17:43:04 IST" skipped="0">
  <testcase classname="DWS_TestScripts.Login" name="login" time="106.338"/>
  <system-out/>
</testsuite> <!-- DWS_TestScripts.Login -->
