<?xml version="1.0" encoding="UTF-8"?>
<!-- Generated by org.testng.reporters.JUnitReportReporter -->
<testsuite hostname="DESKTOP-8AABIJB" failures="0" tests="1" name="Scripts.DWS_TC_003" time="14.862" errors="0" timestamp="2023-12-26T11:32:45 IST" skipped="0">
  <testcase classname="Scripts.DWS_TC_003" name="productToCartSection" time="14.862"/>
  <system-out>
Smartphone found  </system-out>
</testsuite> <!-- Scripts.DWS_TC_003 -->
