<?xml version="1.0" encoding="UTF-8"?>
<!-- Generated by org.testng.reporters.JUnitReportReporter -->
<testsuite hostname="DESKTOP-8AABIJB" failures="0" tests="1" name="Scripts.DWS_TC_001" time="14.060" errors="0" timestamp="2023-12-25T16:24:22 IST" skipped="0">
  <testcase classname="Scripts.DWS_TC_001" name="loginWithValidCredentials" time="14.060"/>
  <system-out/>
</testsuite> <!-- Scripts.DWS_TC_001 -->
