<?xml version="1.0" encoding="UTF-8"?>
<!-- Generated by org.testng.reporters.JUnitReportReporter -->
<testsuite hostname="DESKTOP-8AABIJB" failures="0" tests="1" name="CrossBrowserTesting.Hayabusa" time="22.047" errors="0" timestamp="2023-12-14T17:48:47 IST" skipped="0">
  <testcase classname="CrossBrowserTesting.Hayabusa" name="hayabusa" time="22.047"/>
  <system-out/>
</testsuite> <!-- CrossBrowserTesting.Hayabusa -->
