<?xml version="1.0" encoding="UTF-8"?>
<!-- Generated by org.testng.reporters.JUnitReportReporter -->
<testsuite hostname="DESKTOP-8AABIJB" failures="0" tests="1" name="Scripts.DWS_TC_002" time="30.221" errors="0" timestamp="2023-12-26T08:58:25 IST" skipped="0">
  <testcase classname="Scripts.DWS_TC_002" name="placingOrder" time="30.221"/>
  <system-out>
order is present  </system-out>
</testsuite> <!-- Scripts.DWS_TC_002 -->
