<?xml version="1.0" encoding="UTF-8"?>
<!-- Generated by org.testng.reporters.JUnitReportReporter -->
<testsuite hostname="DESKTOP-8AABIJB" failures="0" tests="3" name="com.DataProvider.TC_DWS_LOGIN_002" time="77.561" errors="0" timestamp="2023-12-19T11:02:43 IST" skipped="0">
  <testcase classname="com.DataProvider.TC_DWS_LOGIN_002" name="testingUserNameTextField" time="20.599"/>
  <system-out/>
  <testcase classname="com.DataProvider.TC_DWS_LOGIN_002" name="testingUserNameTextField" time="13.500"/>
  <system-out/>
  <testcase classname="com.DataProvider.TC_DWS_LOGIN_002" name="testingUserNameTextField" time="43.462"/>
  <system-out/>
</testsuite> <!-- com.DataProvider.TC_DWS_LOGIN_002 -->
