<?xml version="1.0" encoding="UTF-8"?>
<!-- Generated by org.testng.reporters.JUnitReportReporter -->
<testsuite hostname="DESKTOP-8AABIJB" failures="0" tests="1" name="BatchExecution.BMW" time="11.353" errors="0" timestamp="2023-12-13T17:56:54 IST" skipped="0">
  <testcase classname="BatchExecution.BMW" name="bmw" time="11.353"/>
  <system-out/>
</testsuite> <!-- BatchExecution.BMW -->
