<?xml version="1.0" encoding="UTF-8"?>
<!-- Generated by org.testng.reporters.JUnitReportReporter -->
<testsuite hostname="DESKTOP-8AABIJB" failures="0" tests="1" name="Scripts.DWS_TC_006" time="53.102" errors="0" timestamp="2023-12-26T09:30:40 IST" skipped="0">
  <testcase classname="Scripts.DWS_TC_006" name="registerAndLoginAndBuy" time="53.102"/>
  <system-out>
  </system-out>
</testsuite> <!-- Scripts.DWS_TC_006 -->
