<?xml version="1.0" encoding="UTF-8"?>
<!-- Generated by org.testng.reporters.JUnitReportReporter -->
<testsuite hostname="DESKTOP-8AABIJB" failures="0" tests="1" name="GroupExecution.Puneeth" time="14.167" errors="0" timestamp="2023-12-14T12:08:44 IST" skipped="0">
  <testcase classname="GroupExecution.Puneeth" name="puneeth" time="14.167"/>
  <system-out/>
</testsuite> <!-- GroupExecution.Puneeth -->
