<?xml version="1.0" encoding="UTF-8"?>
<!-- Generated by org.testng.reporters.JUnitReportReporter -->
<testsuite hostname="DESKTOP-8AABIJB" failures="0" tests="1" name="GroupExecution.AlluArjun" time="11.615" errors="0" timestamp="2023-12-14T12:08:44 IST" skipped="0">
  <testcase classname="GroupExecution.AlluArjun" name="alluarjun" time="11.615"/>
  <system-out/>
</testsuite> <!-- GroupExecution.AlluArjun -->
