<?xml version="1.0" encoding="UTF-8"?>
<!-- Generated by org.testng.reporters.JUnitReportReporter -->
<testsuite hostname="DESKTOP-8AABIJB" failures="0" tests="1" name="GroupExecution.Yash" time="11.202" errors="0" timestamp="2023-12-14T12:08:44 IST" skipped="0">
  <testcase classname="GroupExecution.Yash" name="yash" time="11.202"/>
  <system-out/>
</testsuite> <!-- GroupExecution.Yash -->
